5 3 4
7 4 2
5 3 4
10 1 10
7 4 2
6 2 5
2 2 1
2 1 2
1 1 1
13 13 8
47 11 27
38 199 11
99 77 6
60 29 19
9338 655 9185
9281 5432 1034
9073 6941 6056
5814 5618 3793
6838 1172 6410
2606 145 2215
4006 1677 673
769 3146 752
5983 2258 811
6482 8825 1327
1280 9508 350
9343 9233 5585
625 1900 332
4056 272 290
1299 3460 761
9283 3350 5186
3113 7974 1679
6110 408 4857
8263 6101 5259
2743 6080 1388
8714 2412 1015
7689 8391 7491
4600 9812 2938
3768 9590 2024
4345 2665 3627
2431 9145 184
166 79 141
1176 9893 58
2257 8977 1736
2476 428 1430
1 999999 1
999999 1 999999
999999 999999 295011
196996 687672 182330
897029 341501 726375
940182 398144 395167
611346 663166 381396
575670 707906 416613
